2020-03-13 22:55:54,185 [restartedMain] INFO  pe.gob.minsa.covid.McsSeguimientoCovidApplication - Starting McsSeguimientoCovidApplication on kevin-OptiPlex-9010 with PID 14767 (/home/kevin/Documentos/workspace/mcs-seguimiento-covid/target/classes started by kevin in /home/kevin/Documentos/workspace/mcs-seguimiento-covid)
2020-03-13 22:55:54,190 [restartedMain] DEBUG pe.gob.minsa.covid.McsSeguimientoCovidApplication - Running with Spring Boot v2.2.5.RELEASE, Spring v5.2.4.RELEASE
2020-03-13 22:55:54,191 [restartedMain] INFO  pe.gob.minsa.covid.McsSeguimientoCovidApplication - No active profile set, falling back to default profiles: default
2020-03-13 22:55:55,569 [restartedMain] DEBUG springfox.documentation.spring.web.PropertySourcedRequestMappingHandlerMapping - initialising the handler methods
2020-03-13 22:55:55,572 [restartedMain] INFO  springfox.documentation.spring.web.PropertySourcedRequestMappingHandlerMapping - Mapped URL path [/v2/api-docs] onto method [springfox.documentation.swagger2.web.Swagger2Controller#getDocumentation(String, HttpServletRequest)]
2020-03-13 22:55:55,777 [restartedMain] INFO  springfox.documentation.spring.web.plugins.DocumentationPluginsBootstrapper - Context refreshed
2020-03-13 22:55:55,788 [restartedMain] INFO  springfox.documentation.spring.web.plugins.DocumentationPluginsBootstrapper - Found 1 custom documentation plugin(s)
2020-03-13 22:55:55,797 [restartedMain] DEBUG springfox.documentation.spring.web.plugins.DefaultRequestHandlerCombiner - Total number of request handlers 7
2020-03-13 22:55:55,798 [restartedMain] DEBUG springfox.documentation.spring.web.plugins.DefaultRequestHandlerCombiner - Adding key: [/error], WebMvcRequestHandler{key=RequestHandlerKey{pathMappings=[/error], supportedMethods=[], supportedMediaTypes=[], producibleMediaTypes=[text/html]}}
2020-03-13 22:55:55,798 [restartedMain] DEBUG springfox.documentation.spring.web.plugins.DefaultRequestHandlerCombiner - Adding key: [/error], WebMvcRequestHandler{key=RequestHandlerKey{pathMappings=[/error], supportedMethods=[], supportedMediaTypes=[], producibleMediaTypes=[]}}
2020-03-13 22:55:55,799 [restartedMain] DEBUG springfox.documentation.spring.web.plugins.DefaultRequestHandlerCombiner - Adding key: [/seguimiento/v0.0.1/listar-paises], WebMvcRequestHandler{key=RequestHandlerKey{pathMappings=[/seguimiento/v0.0.1/listar-paises], supportedMethods=[GET], supportedMediaTypes=[], producibleMediaTypes=[application/json;charset=UTF-8]}}
2020-03-13 22:55:55,799 [restartedMain] DEBUG springfox.documentation.spring.web.plugins.DefaultRequestHandlerCombiner - Adding key: [/seguimiento/v0.0.1/valida-persona/{tipo_documento}/{numero_documento}/{apellido_paterno}], WebMvcRequestHandler{key=RequestHandlerKey{pathMappings=[/seguimiento/v0.0.1/valida-persona/{tipo_documento}/{numero_documento}/{apellido_paterno}], supportedMethods=[GET], supportedMediaTypes=[], producibleMediaTypes=[application/json;charset=utf-8]}}
2020-03-13 22:55:55,799 [restartedMain] DEBUG springfox.documentation.spring.web.plugins.DefaultRequestHandlerCombiner - Adding key: [/swagger-resources/configuration/security], WebMvcRequestHandler{key=RequestHandlerKey{pathMappings=[/swagger-resources/configuration/security], supportedMethods=[], supportedMediaTypes=[], producibleMediaTypes=[]}}
2020-03-13 22:55:55,799 [restartedMain] DEBUG springfox.documentation.spring.web.plugins.DefaultRequestHandlerCombiner - Adding key: [/swagger-resources/configuration/ui], WebMvcRequestHandler{key=RequestHandlerKey{pathMappings=[/swagger-resources/configuration/ui], supportedMethods=[], supportedMediaTypes=[], producibleMediaTypes=[]}}
2020-03-13 22:55:55,799 [restartedMain] DEBUG springfox.documentation.spring.web.plugins.DefaultRequestHandlerCombiner - Adding key: [/swagger-resources], WebMvcRequestHandler{key=RequestHandlerKey{pathMappings=[/swagger-resources], supportedMethods=[], supportedMediaTypes=[], producibleMediaTypes=[]}}
2020-03-13 22:55:55,809 [restartedMain] DEBUG springfox.documentation.spring.web.plugins.DefaultRequestHandlerCombiner - Combined number of request handlers 7
2020-03-13 22:55:55,810 [restartedMain] INFO  springfox.documentation.spring.web.scanners.ApiListingReferenceScanner - Scanning for api listing references
2020-03-13 22:55:55,818 [restartedMain] DEBUG springfox.documentation.spring.web.readers.operation.OperationModelsProvider - Adding return parameter of type Lpe/gob/minsa/covid/bean/PaisResponseBean;
2020-03-13 22:55:55,819 [restartedMain] DEBUG springfox.documentation.spring.web.readers.operation.OperationModelsProvider - Reading parameters models for handlerMethod |consultaPaises|
2020-03-13 22:55:55,819 [restartedMain] DEBUG springfox.documentation.spring.web.readers.operation.OperationModelsProvider - Finished reading parameters models for handlerMethod |consultaPaises|
2020-03-13 22:55:55,820 [restartedMain] DEBUG springfox.documentation.swagger.readers.operation.SwaggerOperationModelsProvider - Reading parameters models for handlerMethod |consultaPaises|
2020-03-13 22:55:55,851 [restartedMain] DEBUG springfox.documentation.spring.web.scanners.ApiModelReader - Generated parameter model id: PaisResponseBean, name: PaisResponseBean, schema: {} models
2020-03-13 22:55:55,852 [restartedMain] DEBUG springfox.documentation.spring.web.scanners.ApiModelReader - Adding a new model with key PaisResponseBean
2020-03-13 22:55:55,856 [restartedMain] DEBUG springfox.documentation.spring.web.scanners.ApiModelReader - Adding a new model with key Pais
2020-03-13 22:55:55,861 [restartedMain] DEBUG springfox.documentation.spring.web.readers.operation.OperationResponseClassReader - Setting spring response class to: PaisResponseBean
2020-03-13 22:55:55,861 [restartedMain] DEBUG springfox.documentation.swagger.readers.operation.SwaggerOperationResponseClassReader - Setting response class to:PaisResponseBean
2020-03-13 22:55:55,862 [restartedMain] DEBUG springfox.documentation.swagger.readers.operation.OperationAuthReader - Authorization count 0 for method consultaPaises
2020-03-13 22:55:55,872 [restartedMain] DEBUG springfox.documentation.spring.web.readers.operation.OperationModelsProvider - Adding return parameter of type Lpe/gob/minsa/covid/bean/ResponseValidaPaciente;
2020-03-13 22:55:55,873 [restartedMain] DEBUG springfox.documentation.spring.web.readers.operation.OperationModelsProvider - Reading parameters models for handlerMethod |validaPaciente|
2020-03-13 22:55:55,874 [restartedMain] DEBUG springfox.documentation.spring.web.readers.operation.OperationModelsProvider - Finished reading parameters models for handlerMethod |validaPaciente|
2020-03-13 22:55:55,875 [restartedMain] DEBUG springfox.documentation.swagger.readers.operation.SwaggerOperationModelsProvider - Reading parameters models for handlerMethod |validaPaciente|
2020-03-13 22:55:55,877 [restartedMain] DEBUG springfox.documentation.spring.web.scanners.ApiModelReader - Generated parameter model id: ResponseValidaPaciente, name: ResponseValidaPaciente, schema: {} models
2020-03-13 22:55:55,877 [restartedMain] DEBUG springfox.documentation.spring.web.scanners.ApiModelReader - Adding a new model with key ResponseValidaPaciente
2020-03-13 22:55:55,881 [restartedMain] DEBUG springfox.documentation.spring.web.scanners.ApiModelReader - Adding a new model with key ResponseValidaMpiBean
2020-03-13 22:55:55,888 [restartedMain] DEBUG springfox.documentation.spring.web.readers.operation.OperationResponseClassReader - Setting spring response class to: ResponseValidaPaciente
2020-03-13 22:55:55,889 [restartedMain] DEBUG springfox.documentation.swagger.readers.operation.SwaggerOperationResponseClassReader - Setting response class to:ResponseValidaPaciente
2020-03-13 22:55:55,889 [restartedMain] DEBUG springfox.documentation.swagger.readers.operation.OperationAuthReader - Authorization count 0 for method validaPaciente
2020-03-13 22:55:55,936 [restartedMain] INFO  pe.gob.minsa.covid.McsSeguimientoCovidApplication - Started McsSeguimientoCovidApplication in 2.114 seconds (JVM running for 2.71)
2020-03-13 22:56:08,366 [restartedMain] INFO  pe.gob.minsa.covid.McsSeguimientoCovidApplication - Starting McsSeguimientoCovidApplication on kevin-OptiPlex-9010 with PID 14767 (/home/kevin/Documentos/workspace/mcs-seguimiento-covid/target/classes started by kevin in /home/kevin/Documentos/workspace/mcs-seguimiento-covid)
2020-03-13 22:56:08,366 [restartedMain] DEBUG pe.gob.minsa.covid.McsSeguimientoCovidApplication - Running with Spring Boot v2.2.5.RELEASE, Spring v5.2.4.RELEASE
2020-03-13 22:56:08,366 [restartedMain] INFO  pe.gob.minsa.covid.McsSeguimientoCovidApplication - No active profile set, falling back to default profiles: default
2020-03-13 22:56:08,725 [restartedMain] DEBUG springfox.documentation.spring.web.PropertySourcedRequestMappingHandlerMapping - initialising the handler methods
2020-03-13 22:56:08,726 [restartedMain] INFO  springfox.documentation.spring.web.PropertySourcedRequestMappingHandlerMapping - Mapped URL path [/v2/api-docs] onto method [springfox.documentation.swagger2.web.Swagger2Controller#getDocumentation(String, HttpServletRequest)]
2020-03-13 22:56:08,799 [restartedMain] INFO  springfox.documentation.spring.web.plugins.DocumentationPluginsBootstrapper - Context refreshed
2020-03-13 22:56:08,800 [restartedMain] INFO  springfox.documentation.spring.web.plugins.DocumentationPluginsBootstrapper - Found 1 custom documentation plugin(s)
2020-03-13 22:56:08,802 [restartedMain] DEBUG springfox.documentation.spring.web.plugins.DefaultRequestHandlerCombiner - Total number of request handlers 7
2020-03-13 22:56:08,802 [restartedMain] DEBUG springfox.documentation.spring.web.plugins.DefaultRequestHandlerCombiner - Adding key: [/error], WebMvcRequestHandler{key=RequestHandlerKey{pathMappings=[/error], supportedMethods=[], supportedMediaTypes=[], producibleMediaTypes=[text/html]}}
2020-03-13 22:56:08,802 [restartedMain] DEBUG springfox.documentation.spring.web.plugins.DefaultRequestHandlerCombiner - Adding key: [/error], WebMvcRequestHandler{key=RequestHandlerKey{pathMappings=[/error], supportedMethods=[], supportedMediaTypes=[], producibleMediaTypes=[]}}
2020-03-13 22:56:08,802 [restartedMain] DEBUG springfox.documentation.spring.web.plugins.DefaultRequestHandlerCombiner - Adding key: [/seguimiento/v0.0.1/listar-paises], WebMvcRequestHandler{key=RequestHandlerKey{pathMappings=[/seguimiento/v0.0.1/listar-paises], supportedMethods=[GET], supportedMediaTypes=[], producibleMediaTypes=[application/json;charset=UTF-8]}}
2020-03-13 22:56:08,802 [restartedMain] DEBUG springfox.documentation.spring.web.plugins.DefaultRequestHandlerCombiner - Adding key: [/seguimiento/v0.0.1/valida-persona/{tipo_documento}/{numero_documento}/{apellido_paterno}], WebMvcRequestHandler{key=RequestHandlerKey{pathMappings=[/seguimiento/v0.0.1/valida-persona/{tipo_documento}/{numero_documento}/{apellido_paterno}], supportedMethods=[GET], supportedMediaTypes=[], producibleMediaTypes=[application/json;charset=utf-8]}}
2020-03-13 22:56:08,802 [restartedMain] DEBUG springfox.documentation.spring.web.plugins.DefaultRequestHandlerCombiner - Adding key: [/swagger-resources/configuration/security], WebMvcRequestHandler{key=RequestHandlerKey{pathMappings=[/swagger-resources/configuration/security], supportedMethods=[], supportedMediaTypes=[], producibleMediaTypes=[]}}
2020-03-13 22:56:08,803 [restartedMain] DEBUG springfox.documentation.spring.web.plugins.DefaultRequestHandlerCombiner - Adding key: [/swagger-resources/configuration/ui], WebMvcRequestHandler{key=RequestHandlerKey{pathMappings=[/swagger-resources/configuration/ui], supportedMethods=[], supportedMediaTypes=[], producibleMediaTypes=[]}}
2020-03-13 22:56:08,803 [restartedMain] DEBUG springfox.documentation.spring.web.plugins.DefaultRequestHandlerCombiner - Adding key: [/swagger-resources], WebMvcRequestHandler{key=RequestHandlerKey{pathMappings=[/swagger-resources], supportedMethods=[], supportedMediaTypes=[], producibleMediaTypes=[]}}
2020-03-13 22:56:08,804 [restartedMain] DEBUG springfox.documentation.spring.web.plugins.DefaultRequestHandlerCombiner - Combined number of request handlers 7
2020-03-13 22:56:08,804 [restartedMain] INFO  springfox.documentation.spring.web.scanners.ApiListingReferenceScanner - Scanning for api listing references
2020-03-13 22:56:08,806 [restartedMain] DEBUG springfox.documentation.spring.web.readers.operation.OperationModelsProvider - Adding return parameter of type Lpe/gob/minsa/covid/bean/PaisResponseBean;
2020-03-13 22:56:08,806 [restartedMain] DEBUG springfox.documentation.spring.web.readers.operation.OperationModelsProvider - Reading parameters models for handlerMethod |consultaPaises|
2020-03-13 22:56:08,806 [restartedMain] DEBUG springfox.documentation.spring.web.readers.operation.OperationModelsProvider - Finished reading parameters models for handlerMethod |consultaPaises|
2020-03-13 22:56:08,806 [restartedMain] DEBUG springfox.documentation.swagger.readers.operation.SwaggerOperationModelsProvider - Reading parameters models for handlerMethod |consultaPaises|
2020-03-13 22:56:08,808 [restartedMain] DEBUG springfox.documentation.spring.web.scanners.ApiModelReader - Generated parameter model id: PaisResponseBean, name: PaisResponseBean, schema: {} models
2020-03-13 22:56:08,809 [restartedMain] DEBUG springfox.documentation.spring.web.scanners.ApiModelReader - Adding a new model with key PaisResponseBean
2020-03-13 22:56:08,810 [restartedMain] DEBUG springfox.documentation.spring.web.scanners.ApiModelReader - Adding a new model with key Pais
2020-03-13 22:56:08,811 [restartedMain] DEBUG springfox.documentation.spring.web.readers.operation.OperationResponseClassReader - Setting spring response class to: PaisResponseBean
2020-03-13 22:56:08,811 [restartedMain] DEBUG springfox.documentation.swagger.readers.operation.SwaggerOperationResponseClassReader - Setting response class to:PaisResponseBean
2020-03-13 22:56:08,811 [restartedMain] DEBUG springfox.documentation.swagger.readers.operation.OperationAuthReader - Authorization count 0 for method consultaPaises
2020-03-13 22:56:08,812 [restartedMain] DEBUG springfox.documentation.spring.web.readers.operation.OperationModelsProvider - Adding return parameter of type Lpe/gob/minsa/covid/bean/ResponseValidaPaciente;
2020-03-13 22:56:08,812 [restartedMain] DEBUG springfox.documentation.spring.web.readers.operation.OperationModelsProvider - Reading parameters models for handlerMethod |validaPaciente|
2020-03-13 22:56:08,813 [restartedMain] DEBUG springfox.documentation.spring.web.readers.operation.OperationModelsProvider - Finished reading parameters models for handlerMethod |validaPaciente|
2020-03-13 22:56:08,813 [restartedMain] DEBUG springfox.documentation.swagger.readers.operation.SwaggerOperationModelsProvider - Reading parameters models for handlerMethod |validaPaciente|
2020-03-13 22:56:08,814 [restartedMain] DEBUG springfox.documentation.spring.web.scanners.ApiModelReader - Generated parameter model id: ResponseValidaPaciente, name: ResponseValidaPaciente, schema: {} models
2020-03-13 22:56:08,814 [restartedMain] DEBUG springfox.documentation.spring.web.scanners.ApiModelReader - Adding a new model with key ResponseValidaPaciente
2020-03-13 22:56:08,816 [restartedMain] DEBUG springfox.documentation.spring.web.scanners.ApiModelReader - Adding a new model with key ResponseValidaMpiBean
2020-03-13 22:56:08,818 [restartedMain] DEBUG springfox.documentation.spring.web.readers.operation.OperationResponseClassReader - Setting spring response class to: ResponseValidaPaciente
2020-03-13 22:56:08,819 [restartedMain] DEBUG springfox.documentation.swagger.readers.operation.SwaggerOperationResponseClassReader - Setting response class to:ResponseValidaPaciente
2020-03-13 22:56:08,819 [restartedMain] DEBUG springfox.documentation.swagger.readers.operation.OperationAuthReader - Authorization count 0 for method validaPaciente
2020-03-13 22:56:08,828 [restartedMain] INFO  pe.gob.minsa.covid.McsSeguimientoCovidApplication - Started McsSeguimientoCovidApplication in 0.5 seconds (JVM running for 15.602)
2020-03-13 22:56:31,384 [restartedMain] INFO  pe.gob.minsa.covid.McsSeguimientoCovidApplication - Starting McsSeguimientoCovidApplication on kevin-OptiPlex-9010 with PID 14767 (/home/kevin/Documentos/workspace/mcs-seguimiento-covid/target/classes started by kevin in /home/kevin/Documentos/workspace/mcs-seguimiento-covid)
2020-03-13 22:56:31,384 [restartedMain] DEBUG pe.gob.minsa.covid.McsSeguimientoCovidApplication - Running with Spring Boot v2.2.5.RELEASE, Spring v5.2.4.RELEASE
2020-03-13 22:56:31,385 [restartedMain] INFO  pe.gob.minsa.covid.McsSeguimientoCovidApplication - No active profile set, falling back to default profiles: default
2020-03-13 22:56:31,740 [restartedMain] DEBUG springfox.documentation.spring.web.PropertySourcedRequestMappingHandlerMapping - initialising the handler methods
2020-03-13 22:56:31,740 [restartedMain] INFO  springfox.documentation.spring.web.PropertySourcedRequestMappingHandlerMapping - Mapped URL path [/v2/api-docs] onto method [springfox.documentation.swagger2.web.Swagger2Controller#getDocumentation(String, HttpServletRequest)]
2020-03-13 22:56:31,815 [restartedMain] INFO  springfox.documentation.spring.web.plugins.DocumentationPluginsBootstrapper - Context refreshed
2020-03-13 22:56:31,815 [restartedMain] INFO  springfox.documentation.spring.web.plugins.DocumentationPluginsBootstrapper - Found 1 custom documentation plugin(s)
2020-03-13 22:56:31,817 [restartedMain] DEBUG springfox.documentation.spring.web.plugins.DefaultRequestHandlerCombiner - Total number of request handlers 7
2020-03-13 22:56:31,817 [restartedMain] DEBUG springfox.documentation.spring.web.plugins.DefaultRequestHandlerCombiner - Adding key: [/error], WebMvcRequestHandler{key=RequestHandlerKey{pathMappings=[/error], supportedMethods=[], supportedMediaTypes=[], producibleMediaTypes=[text/html]}}
2020-03-13 22:56:31,818 [restartedMain] DEBUG springfox.documentation.spring.web.plugins.DefaultRequestHandlerCombiner - Adding key: [/error], WebMvcRequestHandler{key=RequestHandlerKey{pathMappings=[/error], supportedMethods=[], supportedMediaTypes=[], producibleMediaTypes=[]}}
2020-03-13 22:56:31,818 [restartedMain] DEBUG springfox.documentation.spring.web.plugins.DefaultRequestHandlerCombiner - Adding key: [/seguimiento/v0.0.1/listar-paises], WebMvcRequestHandler{key=RequestHandlerKey{pathMappings=[/seguimiento/v0.0.1/listar-paises], supportedMethods=[GET], supportedMediaTypes=[], producibleMediaTypes=[application/json;charset=UTF-8]}}
2020-03-13 22:56:31,818 [restartedMain] DEBUG springfox.documentation.spring.web.plugins.DefaultRequestHandlerCombiner - Adding key: [/seguimiento/v0.0.1/valida-persona/{tipo_documento}/{numero_documento}/{apellido_paterno}], WebMvcRequestHandler{key=RequestHandlerKey{pathMappings=[/seguimiento/v0.0.1/valida-persona/{tipo_documento}/{numero_documento}/{apellido_paterno}], supportedMethods=[GET], supportedMediaTypes=[], producibleMediaTypes=[application/json;charset=utf-8]}}
2020-03-13 22:56:31,818 [restartedMain] DEBUG springfox.documentation.spring.web.plugins.DefaultRequestHandlerCombiner - Adding key: [/swagger-resources/configuration/security], WebMvcRequestHandler{key=RequestHandlerKey{pathMappings=[/swagger-resources/configuration/security], supportedMethods=[], supportedMediaTypes=[], producibleMediaTypes=[]}}
2020-03-13 22:56:31,818 [restartedMain] DEBUG springfox.documentation.spring.web.plugins.DefaultRequestHandlerCombiner - Adding key: [/swagger-resources/configuration/ui], WebMvcRequestHandler{key=RequestHandlerKey{pathMappings=[/swagger-resources/configuration/ui], supportedMethods=[], supportedMediaTypes=[], producibleMediaTypes=[]}}
2020-03-13 22:56:31,818 [restartedMain] DEBUG springfox.documentation.spring.web.plugins.DefaultRequestHandlerCombiner - Adding key: [/swagger-resources], WebMvcRequestHandler{key=RequestHandlerKey{pathMappings=[/swagger-resources], supportedMethods=[], supportedMediaTypes=[], producibleMediaTypes=[]}}
2020-03-13 22:56:31,819 [restartedMain] DEBUG springfox.documentation.spring.web.plugins.DefaultRequestHandlerCombiner - Combined number of request handlers 7
2020-03-13 22:56:31,820 [restartedMain] INFO  springfox.documentation.spring.web.scanners.ApiListingReferenceScanner - Scanning for api listing references
2020-03-13 22:56:31,822 [restartedMain] DEBUG springfox.documentation.spring.web.readers.operation.OperationModelsProvider - Adding return parameter of type Lpe/gob/minsa/covid/bean/PaisResponseBean;
2020-03-13 22:56:31,822 [restartedMain] DEBUG springfox.documentation.spring.web.readers.operation.OperationModelsProvider - Reading parameters models for handlerMethod |consultaPaises|
2020-03-13 22:56:31,822 [restartedMain] DEBUG springfox.documentation.spring.web.readers.operation.OperationModelsProvider - Finished reading parameters models for handlerMethod |consultaPaises|
2020-03-13 22:56:31,822 [restartedMain] DEBUG springfox.documentation.swagger.readers.operation.SwaggerOperationModelsProvider - Reading parameters models for handlerMethod |consultaPaises|
2020-03-13 22:56:31,826 [restartedMain] DEBUG springfox.documentation.spring.web.scanners.ApiModelReader - Generated parameter model id: PaisResponseBean, name: PaisResponseBean, schema: {} models
2020-03-13 22:56:31,826 [restartedMain] DEBUG springfox.documentation.spring.web.scanners.ApiModelReader - Adding a new model with key PaisResponseBean
2020-03-13 22:56:31,828 [restartedMain] DEBUG springfox.documentation.spring.web.scanners.ApiModelReader - Adding a new model with key Pais
2020-03-13 22:56:31,829 [restartedMain] DEBUG springfox.documentation.spring.web.readers.operation.OperationResponseClassReader - Setting spring response class to: PaisResponseBean
2020-03-13 22:56:31,829 [restartedMain] DEBUG springfox.documentation.swagger.readers.operation.SwaggerOperationResponseClassReader - Setting response class to:PaisResponseBean
2020-03-13 22:56:31,829 [restartedMain] DEBUG springfox.documentation.swagger.readers.operation.OperationAuthReader - Authorization count 0 for method consultaPaises
2020-03-13 22:56:31,830 [restartedMain] DEBUG springfox.documentation.spring.web.readers.operation.OperationModelsProvider - Adding return parameter of type Lpe/gob/minsa/covid/bean/ResponseValidaPaciente;
2020-03-13 22:56:31,830 [restartedMain] DEBUG springfox.documentation.spring.web.readers.operation.OperationModelsProvider - Reading parameters models for handlerMethod |validaPaciente|
2020-03-13 22:56:31,831 [restartedMain] DEBUG springfox.documentation.spring.web.readers.operation.OperationModelsProvider - Finished reading parameters models for handlerMethod |validaPaciente|
2020-03-13 22:56:31,831 [restartedMain] DEBUG springfox.documentation.swagger.readers.operation.SwaggerOperationModelsProvider - Reading parameters models for handlerMethod |validaPaciente|
2020-03-13 22:56:31,832 [restartedMain] DEBUG springfox.documentation.spring.web.scanners.ApiModelReader - Generated parameter model id: ResponseValidaPaciente, name: ResponseValidaPaciente, schema: {} models
2020-03-13 22:56:31,832 [restartedMain] DEBUG springfox.documentation.spring.web.scanners.ApiModelReader - Adding a new model with key ResponseValidaPaciente
2020-03-13 22:56:31,834 [restartedMain] DEBUG springfox.documentation.spring.web.scanners.ApiModelReader - Adding a new model with key ResponseValidaMpiBean
2020-03-13 22:56:31,836 [restartedMain] DEBUG springfox.documentation.spring.web.readers.operation.OperationResponseClassReader - Setting spring response class to: ResponseValidaPaciente
2020-03-13 22:56:31,836 [restartedMain] DEBUG springfox.documentation.swagger.readers.operation.SwaggerOperationResponseClassReader - Setting response class to:ResponseValidaPaciente
2020-03-13 22:56:31,836 [restartedMain] DEBUG springfox.documentation.swagger.readers.operation.OperationAuthReader - Authorization count 0 for method validaPaciente
2020-03-13 22:56:31,844 [restartedMain] INFO  pe.gob.minsa.covid.McsSeguimientoCovidApplication - Started McsSeguimientoCovidApplication in 0.491 seconds (JVM running for 38.618)
2020-03-13 22:57:11,506 [restartedMain] INFO  pe.gob.minsa.covid.McsSeguimientoCovidApplication - Starting McsSeguimientoCovidApplication on kevin-OptiPlex-9010 with PID 14767 (/home/kevin/Documentos/workspace/mcs-seguimiento-covid/target/classes started by kevin in /home/kevin/Documentos/workspace/mcs-seguimiento-covid)
2020-03-13 22:57:11,507 [restartedMain] DEBUG pe.gob.minsa.covid.McsSeguimientoCovidApplication - Running with Spring Boot v2.2.5.RELEASE, Spring v5.2.4.RELEASE
2020-03-13 22:57:11,507 [restartedMain] INFO  pe.gob.minsa.covid.McsSeguimientoCovidApplication - No active profile set, falling back to default profiles: default
2020-03-13 22:57:11,843 [restartedMain] DEBUG springfox.documentation.spring.web.PropertySourcedRequestMappingHandlerMapping - initialising the handler methods
2020-03-13 22:57:11,844 [restartedMain] INFO  springfox.documentation.spring.web.PropertySourcedRequestMappingHandlerMapping - Mapped URL path [/v2/api-docs] onto method [springfox.documentation.swagger2.web.Swagger2Controller#getDocumentation(String, HttpServletRequest)]
2020-03-13 22:57:11,921 [restartedMain] INFO  springfox.documentation.spring.web.plugins.DocumentationPluginsBootstrapper - Context refreshed
2020-03-13 22:57:11,921 [restartedMain] INFO  springfox.documentation.spring.web.plugins.DocumentationPluginsBootstrapper - Found 1 custom documentation plugin(s)
2020-03-13 22:57:11,924 [restartedMain] DEBUG springfox.documentation.spring.web.plugins.DefaultRequestHandlerCombiner - Total number of request handlers 7
2020-03-13 22:57:11,924 [restartedMain] DEBUG springfox.documentation.spring.web.plugins.DefaultRequestHandlerCombiner - Adding key: [/error], WebMvcRequestHandler{key=RequestHandlerKey{pathMappings=[/error], supportedMethods=[], supportedMediaTypes=[], producibleMediaTypes=[text/html]}}
2020-03-13 22:57:11,924 [restartedMain] DEBUG springfox.documentation.spring.web.plugins.DefaultRequestHandlerCombiner - Adding key: [/error], WebMvcRequestHandler{key=RequestHandlerKey{pathMappings=[/error], supportedMethods=[], supportedMediaTypes=[], producibleMediaTypes=[]}}
2020-03-13 22:57:11,924 [restartedMain] DEBUG springfox.documentation.spring.web.plugins.DefaultRequestHandlerCombiner - Adding key: [/seguimiento/v0.0.1/listar-paises], WebMvcRequestHandler{key=RequestHandlerKey{pathMappings=[/seguimiento/v0.0.1/listar-paises], supportedMethods=[GET], supportedMediaTypes=[], producibleMediaTypes=[application/json;charset=UTF-8]}}
2020-03-13 22:57:11,924 [restartedMain] DEBUG springfox.documentation.spring.web.plugins.DefaultRequestHandlerCombiner - Adding key: [/seguimiento/v0.0.1/valida-persona/{tipo_documento}/{numero_documento}/{apellido_paterno}], WebMvcRequestHandler{key=RequestHandlerKey{pathMappings=[/seguimiento/v0.0.1/valida-persona/{tipo_documento}/{numero_documento}/{apellido_paterno}], supportedMethods=[GET], supportedMediaTypes=[], producibleMediaTypes=[application/json;charset=utf-8]}}
2020-03-13 22:57:11,924 [restartedMain] DEBUG springfox.documentation.spring.web.plugins.DefaultRequestHandlerCombiner - Adding key: [/swagger-resources/configuration/security], WebMvcRequestHandler{key=RequestHandlerKey{pathMappings=[/swagger-resources/configuration/security], supportedMethods=[], supportedMediaTypes=[], producibleMediaTypes=[]}}
2020-03-13 22:57:11,924 [restartedMain] DEBUG springfox.documentation.spring.web.plugins.DefaultRequestHandlerCombiner - Adding key: [/swagger-resources/configuration/ui], WebMvcRequestHandler{key=RequestHandlerKey{pathMappings=[/swagger-resources/configuration/ui], supportedMethods=[], supportedMediaTypes=[], producibleMediaTypes=[]}}
2020-03-13 22:57:11,924 [restartedMain] DEBUG springfox.documentation.spring.web.plugins.DefaultRequestHandlerCombiner - Adding key: [/swagger-resources], WebMvcRequestHandler{key=RequestHandlerKey{pathMappings=[/swagger-resources], supportedMethods=[], supportedMediaTypes=[], producibleMediaTypes=[]}}
2020-03-13 22:57:11,925 [restartedMain] DEBUG springfox.documentation.spring.web.plugins.DefaultRequestHandlerCombiner - Combined number of request handlers 7
2020-03-13 22:57:11,926 [restartedMain] INFO  springfox.documentation.spring.web.scanners.ApiListingReferenceScanner - Scanning for api listing references
2020-03-13 22:57:11,927 [restartedMain] DEBUG springfox.documentation.spring.web.readers.operation.OperationModelsProvider - Adding return parameter of type Lpe/gob/minsa/covid/bean/PaisResponseBean;
2020-03-13 22:57:11,927 [restartedMain] DEBUG springfox.documentation.spring.web.readers.operation.OperationModelsProvider - Reading parameters models for handlerMethod |consultaPaises|
2020-03-13 22:57:11,927 [restartedMain] DEBUG springfox.documentation.spring.web.readers.operation.OperationModelsProvider - Finished reading parameters models for handlerMethod |consultaPaises|
2020-03-13 22:57:11,927 [restartedMain] DEBUG springfox.documentation.swagger.readers.operation.SwaggerOperationModelsProvider - Reading parameters models for handlerMethod |consultaPaises|
2020-03-13 22:57:11,929 [restartedMain] DEBUG springfox.documentation.spring.web.scanners.ApiModelReader - Generated parameter model id: PaisResponseBean, name: PaisResponseBean, schema: {} models
2020-03-13 22:57:11,929 [restartedMain] DEBUG springfox.documentation.spring.web.scanners.ApiModelReader - Adding a new model with key PaisResponseBean
2020-03-13 22:57:11,930 [restartedMain] DEBUG springfox.documentation.spring.web.scanners.ApiModelReader - Adding a new model with key Pais
2020-03-13 22:57:11,931 [restartedMain] DEBUG springfox.documentation.spring.web.readers.operation.OperationResponseClassReader - Setting spring response class to: PaisResponseBean
2020-03-13 22:57:11,931 [restartedMain] DEBUG springfox.documentation.swagger.readers.operation.SwaggerOperationResponseClassReader - Setting response class to:PaisResponseBean
2020-03-13 22:57:11,931 [restartedMain] DEBUG springfox.documentation.swagger.readers.operation.OperationAuthReader - Authorization count 0 for method consultaPaises
2020-03-13 22:57:11,932 [restartedMain] DEBUG springfox.documentation.spring.web.readers.operation.OperationModelsProvider - Adding return parameter of type Lpe/gob/minsa/covid/bean/ResponseValidaPaciente;
2020-03-13 22:57:11,932 [restartedMain] DEBUG springfox.documentation.spring.web.readers.operation.OperationModelsProvider - Reading parameters models for handlerMethod |validaPaciente|
2020-03-13 22:57:11,932 [restartedMain] DEBUG springfox.documentation.spring.web.readers.operation.OperationModelsProvider - Finished reading parameters models for handlerMethod |validaPaciente|
2020-03-13 22:57:11,932 [restartedMain] DEBUG springfox.documentation.swagger.readers.operation.SwaggerOperationModelsProvider - Reading parameters models for handlerMethod |validaPaciente|
2020-03-13 22:57:11,933 [restartedMain] DEBUG springfox.documentation.spring.web.scanners.ApiModelReader - Generated parameter model id: ResponseValidaPaciente, name: ResponseValidaPaciente, schema: {} models
2020-03-13 22:57:11,933 [restartedMain] DEBUG springfox.documentation.spring.web.scanners.ApiModelReader - Adding a new model with key ResponseValidaPaciente
2020-03-13 22:57:11,935 [restartedMain] DEBUG springfox.documentation.spring.web.scanners.ApiModelReader - Adding a new model with key ResponseValidaMpiBean
2020-03-13 22:57:11,938 [restartedMain] DEBUG springfox.documentation.spring.web.readers.operation.OperationResponseClassReader - Setting spring response class to: ResponseValidaPaciente
2020-03-13 22:57:11,938 [restartedMain] DEBUG springfox.documentation.swagger.readers.operation.SwaggerOperationResponseClassReader - Setting response class to:ResponseValidaPaciente
2020-03-13 22:57:11,938 [restartedMain] DEBUG springfox.documentation.swagger.readers.operation.OperationAuthReader - Authorization count 0 for method validaPaciente
2020-03-13 22:57:11,948 [restartedMain] INFO  pe.gob.minsa.covid.McsSeguimientoCovidApplication - Started McsSeguimientoCovidApplication in 0.478 seconds (JVM running for 78.721)
2020-03-13 22:57:17,539 [restartedMain] INFO  pe.gob.minsa.covid.McsSeguimientoCovidApplication - Starting McsSeguimientoCovidApplication on kevin-OptiPlex-9010 with PID 14767 (/home/kevin/Documentos/workspace/mcs-seguimiento-covid/target/classes started by kevin in /home/kevin/Documentos/workspace/mcs-seguimiento-covid)
2020-03-13 22:57:17,539 [restartedMain] DEBUG pe.gob.minsa.covid.McsSeguimientoCovidApplication - Running with Spring Boot v2.2.5.RELEASE, Spring v5.2.4.RELEASE
2020-03-13 22:57:17,539 [restartedMain] INFO  pe.gob.minsa.covid.McsSeguimientoCovidApplication - No active profile set, falling back to default profiles: default
2020-03-13 22:57:17,846 [restartedMain] DEBUG springfox.documentation.spring.web.PropertySourcedRequestMappingHandlerMapping - initialising the handler methods
2020-03-13 22:57:17,846 [restartedMain] INFO  springfox.documentation.spring.web.PropertySourcedRequestMappingHandlerMapping - Mapped URL path [/v2/api-docs] onto method [springfox.documentation.swagger2.web.Swagger2Controller#getDocumentation(String, HttpServletRequest)]
2020-03-13 22:57:17,913 [restartedMain] INFO  springfox.documentation.spring.web.plugins.DocumentationPluginsBootstrapper - Context refreshed
2020-03-13 22:57:17,914 [restartedMain] INFO  springfox.documentation.spring.web.plugins.DocumentationPluginsBootstrapper - Found 1 custom documentation plugin(s)
2020-03-13 22:57:17,915 [restartedMain] DEBUG springfox.documentation.spring.web.plugins.DefaultRequestHandlerCombiner - Total number of request handlers 7
2020-03-13 22:57:17,915 [restartedMain] DEBUG springfox.documentation.spring.web.plugins.DefaultRequestHandlerCombiner - Adding key: [/error], WebMvcRequestHandler{key=RequestHandlerKey{pathMappings=[/error], supportedMethods=[], supportedMediaTypes=[], producibleMediaTypes=[text/html]}}
2020-03-13 22:57:17,915 [restartedMain] DEBUG springfox.documentation.spring.web.plugins.DefaultRequestHandlerCombiner - Adding key: [/error], WebMvcRequestHandler{key=RequestHandlerKey{pathMappings=[/error], supportedMethods=[], supportedMediaTypes=[], producibleMediaTypes=[]}}
2020-03-13 22:57:17,916 [restartedMain] DEBUG springfox.documentation.spring.web.plugins.DefaultRequestHandlerCombiner - Adding key: [/seguimiento/v0.0.1/listar-paises], WebMvcRequestHandler{key=RequestHandlerKey{pathMappings=[/seguimiento/v0.0.1/listar-paises], supportedMethods=[GET], supportedMediaTypes=[], producibleMediaTypes=[application/json;charset=UTF-8]}}
2020-03-13 22:57:17,916 [restartedMain] DEBUG springfox.documentation.spring.web.plugins.DefaultRequestHandlerCombiner - Adding key: [/seguimiento/v0.0.1/valida-persona/{tipo_documento}/{numero_documento}/{apellido_paterno}], WebMvcRequestHandler{key=RequestHandlerKey{pathMappings=[/seguimiento/v0.0.1/valida-persona/{tipo_documento}/{numero_documento}/{apellido_paterno}], supportedMethods=[GET], supportedMediaTypes=[], producibleMediaTypes=[application/json;charset=utf-8]}}
2020-03-13 22:57:17,916 [restartedMain] DEBUG springfox.documentation.spring.web.plugins.DefaultRequestHandlerCombiner - Adding key: [/swagger-resources/configuration/security], WebMvcRequestHandler{key=RequestHandlerKey{pathMappings=[/swagger-resources/configuration/security], supportedMethods=[], supportedMediaTypes=[], producibleMediaTypes=[]}}
2020-03-13 22:57:17,916 [restartedMain] DEBUG springfox.documentation.spring.web.plugins.DefaultRequestHandlerCombiner - Adding key: [/swagger-resources/configuration/ui], WebMvcRequestHandler{key=RequestHandlerKey{pathMappings=[/swagger-resources/configuration/ui], supportedMethods=[], supportedMediaTypes=[], producibleMediaTypes=[]}}
2020-03-13 22:57:17,916 [restartedMain] DEBUG springfox.documentation.spring.web.plugins.DefaultRequestHandlerCombiner - Adding key: [/swagger-resources], WebMvcRequestHandler{key=RequestHandlerKey{pathMappings=[/swagger-resources], supportedMethods=[], supportedMediaTypes=[], producibleMediaTypes=[]}}
2020-03-13 22:57:17,917 [restartedMain] DEBUG springfox.documentation.spring.web.plugins.DefaultRequestHandlerCombiner - Combined number of request handlers 7
2020-03-13 22:57:17,917 [restartedMain] INFO  springfox.documentation.spring.web.scanners.ApiListingReferenceScanner - Scanning for api listing references
2020-03-13 22:57:17,919 [restartedMain] DEBUG springfox.documentation.spring.web.readers.operation.OperationModelsProvider - Adding return parameter of type Lpe/gob/minsa/covid/bean/PaisResponseBean;
2020-03-13 22:57:17,919 [restartedMain] DEBUG springfox.documentation.spring.web.readers.operation.OperationModelsProvider - Reading parameters models for handlerMethod |consultaPaises|
2020-03-13 22:57:17,919 [restartedMain] DEBUG springfox.documentation.spring.web.readers.operation.OperationModelsProvider - Finished reading parameters models for handlerMethod |consultaPaises|
2020-03-13 22:57:17,919 [restartedMain] DEBUG springfox.documentation.swagger.readers.operation.SwaggerOperationModelsProvider - Reading parameters models for handlerMethod |consultaPaises|
2020-03-13 22:57:17,921 [restartedMain] DEBUG springfox.documentation.spring.web.scanners.ApiModelReader - Generated parameter model id: PaisResponseBean, name: PaisResponseBean, schema: {} models
2020-03-13 22:57:17,921 [restartedMain] DEBUG springfox.documentation.spring.web.scanners.ApiModelReader - Adding a new model with key PaisResponseBean
2020-03-13 22:57:17,922 [restartedMain] DEBUG springfox.documentation.spring.web.scanners.ApiModelReader - Adding a new model with key Pais
2020-03-13 22:57:17,923 [restartedMain] DEBUG springfox.documentation.spring.web.readers.operation.OperationResponseClassReader - Setting spring response class to: PaisResponseBean
2020-03-13 22:57:17,923 [restartedMain] DEBUG springfox.documentation.swagger.readers.operation.SwaggerOperationResponseClassReader - Setting response class to:PaisResponseBean
2020-03-13 22:57:17,923 [restartedMain] DEBUG springfox.documentation.swagger.readers.operation.OperationAuthReader - Authorization count 0 for method consultaPaises
2020-03-13 22:57:17,924 [restartedMain] DEBUG springfox.documentation.spring.web.readers.operation.OperationModelsProvider - Adding return parameter of type Lpe/gob/minsa/covid/bean/ResponseValidaPaciente;
2020-03-13 22:57:17,924 [restartedMain] DEBUG springfox.documentation.spring.web.readers.operation.OperationModelsProvider - Reading parameters models for handlerMethod |validaPaciente|
2020-03-13 22:57:17,924 [restartedMain] DEBUG springfox.documentation.spring.web.readers.operation.OperationModelsProvider - Finished reading parameters models for handlerMethod |validaPaciente|
2020-03-13 22:57:17,924 [restartedMain] DEBUG springfox.documentation.swagger.readers.operation.SwaggerOperationModelsProvider - Reading parameters models for handlerMethod |validaPaciente|
2020-03-13 22:57:17,925 [restartedMain] DEBUG springfox.documentation.spring.web.scanners.ApiModelReader - Generated parameter model id: ResponseValidaPaciente, name: ResponseValidaPaciente, schema: {} models
2020-03-13 22:57:17,925 [restartedMain] DEBUG springfox.documentation.spring.web.scanners.ApiModelReader - Adding a new model with key ResponseValidaPaciente
2020-03-13 22:57:17,927 [restartedMain] DEBUG springfox.documentation.spring.web.scanners.ApiModelReader - Adding a new model with key ResponseValidaMpiBean
2020-03-13 22:57:17,928 [restartedMain] DEBUG springfox.documentation.spring.web.readers.operation.OperationResponseClassReader - Setting spring response class to: ResponseValidaPaciente
2020-03-13 22:57:17,928 [restartedMain] DEBUG springfox.documentation.swagger.readers.operation.SwaggerOperationResponseClassReader - Setting response class to:ResponseValidaPaciente
2020-03-13 22:57:17,929 [restartedMain] DEBUG springfox.documentation.swagger.readers.operation.OperationAuthReader - Authorization count 0 for method validaPaciente
2020-03-13 22:57:17,934 [restartedMain] INFO  pe.gob.minsa.covid.McsSeguimientoCovidApplication - Started McsSeguimientoCovidApplication in 0.422 seconds (JVM running for 84.708)
2020-03-13 22:57:24,523 [restartedMain] INFO  pe.gob.minsa.covid.McsSeguimientoCovidApplication - Starting McsSeguimientoCovidApplication on kevin-OptiPlex-9010 with PID 14767 (/home/kevin/Documentos/workspace/mcs-seguimiento-covid/target/classes started by kevin in /home/kevin/Documentos/workspace/mcs-seguimiento-covid)
2020-03-13 22:57:24,523 [restartedMain] DEBUG pe.gob.minsa.covid.McsSeguimientoCovidApplication - Running with Spring Boot v2.2.5.RELEASE, Spring v5.2.4.RELEASE
2020-03-13 22:57:24,524 [restartedMain] INFO  pe.gob.minsa.covid.McsSeguimientoCovidApplication - No active profile set, falling back to default profiles: default
2020-03-13 22:57:24,889 [restartedMain] DEBUG springfox.documentation.spring.web.PropertySourcedRequestMappingHandlerMapping - initialising the handler methods
2020-03-13 22:57:24,889 [restartedMain] INFO  springfox.documentation.spring.web.PropertySourcedRequestMappingHandlerMapping - Mapped URL path [/v2/api-docs] onto method [springfox.documentation.swagger2.web.Swagger2Controller#getDocumentation(String, HttpServletRequest)]
2020-03-13 22:57:24,958 [restartedMain] INFO  springfox.documentation.spring.web.plugins.DocumentationPluginsBootstrapper - Context refreshed
2020-03-13 22:57:24,958 [restartedMain] INFO  springfox.documentation.spring.web.plugins.DocumentationPluginsBootstrapper - Found 1 custom documentation plugin(s)
2020-03-13 22:57:24,961 [restartedMain] DEBUG springfox.documentation.spring.web.plugins.DefaultRequestHandlerCombiner - Total number of request handlers 7
2020-03-13 22:57:24,961 [restartedMain] DEBUG springfox.documentation.spring.web.plugins.DefaultRequestHandlerCombiner - Adding key: [/error], WebMvcRequestHandler{key=RequestHandlerKey{pathMappings=[/error], supportedMethods=[], supportedMediaTypes=[], producibleMediaTypes=[text/html]}}
2020-03-13 22:57:24,961 [restartedMain] DEBUG springfox.documentation.spring.web.plugins.DefaultRequestHandlerCombiner - Adding key: [/error], WebMvcRequestHandler{key=RequestHandlerKey{pathMappings=[/error], supportedMethods=[], supportedMediaTypes=[], producibleMediaTypes=[]}}
2020-03-13 22:57:24,961 [restartedMain] DEBUG springfox.documentation.spring.web.plugins.DefaultRequestHandlerCombiner - Adding key: [/seguimiento/v0.0.1/listar-paises], WebMvcRequestHandler{key=RequestHandlerKey{pathMappings=[/seguimiento/v0.0.1/listar-paises], supportedMethods=[GET], supportedMediaTypes=[], producibleMediaTypes=[application/json;charset=UTF-8]}}
2020-03-13 22:57:24,961 [restartedMain] DEBUG springfox.documentation.spring.web.plugins.DefaultRequestHandlerCombiner - Adding key: [/seguimiento/v0.0.1/valida-persona/{tipo_documento}/{numero_documento}/{apellido_paterno}], WebMvcRequestHandler{key=RequestHandlerKey{pathMappings=[/seguimiento/v0.0.1/valida-persona/{tipo_documento}/{numero_documento}/{apellido_paterno}], supportedMethods=[GET], supportedMediaTypes=[], producibleMediaTypes=[application/json;charset=utf-8]}}
2020-03-13 22:57:24,962 [restartedMain] DEBUG springfox.documentation.spring.web.plugins.DefaultRequestHandlerCombiner - Adding key: [/swagger-resources/configuration/security], WebMvcRequestHandler{key=RequestHandlerKey{pathMappings=[/swagger-resources/configuration/security], supportedMethods=[], supportedMediaTypes=[], producibleMediaTypes=[]}}
2020-03-13 22:57:24,962 [restartedMain] DEBUG springfox.documentation.spring.web.plugins.DefaultRequestHandlerCombiner - Adding key: [/swagger-resources/configuration/ui], WebMvcRequestHandler{key=RequestHandlerKey{pathMappings=[/swagger-resources/configuration/ui], supportedMethods=[], supportedMediaTypes=[], producibleMediaTypes=[]}}
2020-03-13 22:57:24,962 [restartedMain] DEBUG springfox.documentation.spring.web.plugins.DefaultRequestHandlerCombiner - Adding key: [/swagger-resources], WebMvcRequestHandler{key=RequestHandlerKey{pathMappings=[/swagger-resources], supportedMethods=[], supportedMediaTypes=[], producibleMediaTypes=[]}}
2020-03-13 22:57:24,963 [restartedMain] DEBUG springfox.documentation.spring.web.plugins.DefaultRequestHandlerCombiner - Combined number of request handlers 7
2020-03-13 22:57:24,963 [restartedMain] INFO  springfox.documentation.spring.web.scanners.ApiListingReferenceScanner - Scanning for api listing references
2020-03-13 22:57:24,965 [restartedMain] DEBUG springfox.documentation.spring.web.readers.operation.OperationModelsProvider - Adding return parameter of type Lpe/gob/minsa/covid/bean/PaisResponseBean;
2020-03-13 22:57:24,965 [restartedMain] DEBUG springfox.documentation.spring.web.readers.operation.OperationModelsProvider - Reading parameters models for handlerMethod |consultaPaises|
2020-03-13 22:57:24,965 [restartedMain] DEBUG springfox.documentation.spring.web.readers.operation.OperationModelsProvider - Finished reading parameters models for handlerMethod |consultaPaises|
2020-03-13 22:57:24,965 [restartedMain] DEBUG springfox.documentation.swagger.readers.operation.SwaggerOperationModelsProvider - Reading parameters models for handlerMethod |consultaPaises|
2020-03-13 22:57:24,967 [restartedMain] DEBUG springfox.documentation.spring.web.scanners.ApiModelReader - Generated parameter model id: PaisResponseBean, name: PaisResponseBean, schema: {} models
2020-03-13 22:57:24,968 [restartedMain] DEBUG springfox.documentation.spring.web.scanners.ApiModelReader - Adding a new model with key PaisResponseBean
2020-03-13 22:57:24,969 [restartedMain] DEBUG springfox.documentation.spring.web.scanners.ApiModelReader - Adding a new model with key Pais
2020-03-13 22:57:24,970 [restartedMain] DEBUG springfox.documentation.spring.web.readers.operation.OperationResponseClassReader - Setting spring response class to: PaisResponseBean
2020-03-13 22:57:24,971 [restartedMain] DEBUG springfox.documentation.swagger.readers.operation.SwaggerOperationResponseClassReader - Setting response class to:PaisResponseBean
2020-03-13 22:57:24,971 [restartedMain] DEBUG springfox.documentation.swagger.readers.operation.OperationAuthReader - Authorization count 0 for method consultaPaises
2020-03-13 22:57:24,972 [restartedMain] DEBUG springfox.documentation.spring.web.readers.operation.OperationModelsProvider - Adding return parameter of type Lpe/gob/minsa/covid/bean/ResponseValidaPaciente;
2020-03-13 22:57:24,972 [restartedMain] DEBUG springfox.documentation.spring.web.readers.operation.OperationModelsProvider - Reading parameters models for handlerMethod |validaPaciente|
2020-03-13 22:57:24,972 [restartedMain] DEBUG springfox.documentation.spring.web.readers.operation.OperationModelsProvider - Finished reading parameters models for handlerMethod |validaPaciente|
2020-03-13 22:57:24,973 [restartedMain] DEBUG springfox.documentation.swagger.readers.operation.SwaggerOperationModelsProvider - Reading parameters models for handlerMethod |validaPaciente|
2020-03-13 22:57:24,974 [restartedMain] DEBUG springfox.documentation.spring.web.scanners.ApiModelReader - Generated parameter model id: ResponseValidaPaciente, name: ResponseValidaPaciente, schema: {} models
2020-03-13 22:57:24,974 [restartedMain] DEBUG springfox.documentation.spring.web.scanners.ApiModelReader - Adding a new model with key ResponseValidaPaciente
2020-03-13 22:57:24,976 [restartedMain] DEBUG springfox.documentation.spring.web.scanners.ApiModelReader - Adding a new model with key ResponseValidaMpiBean
2020-03-13 22:57:24,978 [restartedMain] DEBUG springfox.documentation.spring.web.readers.operation.OperationResponseClassReader - Setting spring response class to: ResponseValidaPaciente
2020-03-13 22:57:24,978 [restartedMain] DEBUG springfox.documentation.swagger.readers.operation.SwaggerOperationResponseClassReader - Setting response class to:ResponseValidaPaciente
2020-03-13 22:57:24,978 [restartedMain] DEBUG springfox.documentation.swagger.readers.operation.OperationAuthReader - Authorization count 0 for method validaPaciente
2020-03-13 22:57:24,985 [restartedMain] INFO  pe.gob.minsa.covid.McsSeguimientoCovidApplication - Started McsSeguimientoCovidApplication in 0.495 seconds (JVM running for 91.758)
2020-03-14 04:05:02,669 [main] INFO  pe.gob.minsa.covid.McsSeguimientoCovidApplication - Starting McsSeguimientoCovidApplication v0.0.1 on mcsseguimientocovid with PID 1 (/app.jar started by root in /)
2020-03-14 04:05:02,682 [main] DEBUG pe.gob.minsa.covid.McsSeguimientoCovidApplication - Running with Spring Boot v2.2.5.RELEASE, Spring v5.2.4.RELEASE
2020-03-14 04:05:02,697 [main] INFO  pe.gob.minsa.covid.McsSeguimientoCovidApplication - No active profile set, falling back to default profiles: default
2020-03-14 04:05:08,180 [main] DEBUG springfox.documentation.spring.web.PropertySourcedRequestMappingHandlerMapping - initialising the handler methods
2020-03-14 04:05:08,189 [main] INFO  springfox.documentation.spring.web.PropertySourcedRequestMappingHandlerMapping - Mapped URL path [/v2/api-docs] onto method [springfox.documentation.swagger2.web.Swagger2Controller#getDocumentation(String, HttpServletRequest)]
2020-03-14 04:05:09,160 [main] INFO  springfox.documentation.spring.web.plugins.DocumentationPluginsBootstrapper - Context refreshed
2020-03-14 04:05:09,215 [main] INFO  springfox.documentation.spring.web.plugins.DocumentationPluginsBootstrapper - Found 1 custom documentation plugin(s)
2020-03-14 04:05:09,246 [main] DEBUG springfox.documentation.spring.web.plugins.DefaultRequestHandlerCombiner - Total number of request handlers 7
2020-03-14 04:05:09,247 [main] DEBUG springfox.documentation.spring.web.plugins.DefaultRequestHandlerCombiner - Adding key: [/error], WebMvcRequestHandler{key=RequestHandlerKey{pathMappings=[/error], supportedMethods=[], supportedMediaTypes=[], producibleMediaTypes=[text/html]}}
2020-03-14 04:05:09,247 [main] DEBUG springfox.documentation.spring.web.plugins.DefaultRequestHandlerCombiner - Adding key: [/error], WebMvcRequestHandler{key=RequestHandlerKey{pathMappings=[/error], supportedMethods=[], supportedMediaTypes=[], producibleMediaTypes=[]}}
2020-03-14 04:05:09,260 [main] DEBUG springfox.documentation.spring.web.plugins.DefaultRequestHandlerCombiner - Adding key: [/seguimiento/v0.0.1/listar-paises], WebMvcRequestHandler{key=RequestHandlerKey{pathMappings=[/seguimiento/v0.0.1/listar-paises], supportedMethods=[GET], supportedMediaTypes=[], producibleMediaTypes=[application/json;charset=UTF-8]}}
2020-03-14 04:05:09,260 [main] DEBUG springfox.documentation.spring.web.plugins.DefaultRequestHandlerCombiner - Adding key: [/seguimiento/v0.0.1/valida-persona/{tipo_documento}/{numero_documento}/{apellido_paterno}], WebMvcRequestHandler{key=RequestHandlerKey{pathMappings=[/seguimiento/v0.0.1/valida-persona/{tipo_documento}/{numero_documento}/{apellido_paterno}], supportedMethods=[GET], supportedMediaTypes=[], producibleMediaTypes=[application/json;charset=utf-8]}}
2020-03-14 04:05:09,261 [main] DEBUG springfox.documentation.spring.web.plugins.DefaultRequestHandlerCombiner - Adding key: [/swagger-resources/configuration/security], WebMvcRequestHandler{key=RequestHandlerKey{pathMappings=[/swagger-resources/configuration/security], supportedMethods=[], supportedMediaTypes=[], producibleMediaTypes=[]}}
2020-03-14 04:05:09,261 [main] DEBUG springfox.documentation.spring.web.plugins.DefaultRequestHandlerCombiner - Adding key: [/swagger-resources/configuration/ui], WebMvcRequestHandler{key=RequestHandlerKey{pathMappings=[/swagger-resources/configuration/ui], supportedMethods=[], supportedMediaTypes=[], producibleMediaTypes=[]}}
2020-03-14 04:05:09,261 [main] DEBUG springfox.documentation.spring.web.plugins.DefaultRequestHandlerCombiner - Adding key: [/swagger-resources], WebMvcRequestHandler{key=RequestHandlerKey{pathMappings=[/swagger-resources], supportedMethods=[], supportedMediaTypes=[], producibleMediaTypes=[]}}
2020-03-14 04:05:09,290 [main] DEBUG springfox.documentation.spring.web.plugins.DefaultRequestHandlerCombiner - Combined number of request handlers 7
2020-03-14 04:05:09,291 [main] INFO  springfox.documentation.spring.web.scanners.ApiListingReferenceScanner - Scanning for api listing references
2020-03-14 04:05:09,328 [main] DEBUG springfox.documentation.spring.web.readers.operation.OperationModelsProvider - Adding return parameter of type Lpe/gob/minsa/covid/bean/PaisResponseBean;
2020-03-14 04:05:09,328 [main] DEBUG springfox.documentation.spring.web.readers.operation.OperationModelsProvider - Reading parameters models for handlerMethod |consultaPaises|
2020-03-14 04:05:09,329 [main] DEBUG springfox.documentation.spring.web.readers.operation.OperationModelsProvider - Finished reading parameters models for handlerMethod |consultaPaises|
2020-03-14 04:05:09,331 [main] DEBUG springfox.documentation.swagger.readers.operation.SwaggerOperationModelsProvider - Reading parameters models for handlerMethod |consultaPaises|
2020-03-14 04:05:09,434 [main] DEBUG springfox.documentation.spring.web.scanners.ApiModelReader - Generated parameter model id: PaisResponseBean, name: PaisResponseBean, schema: {} models
2020-03-14 04:05:09,435 [main] DEBUG springfox.documentation.spring.web.scanners.ApiModelReader - Adding a new model with key PaisResponseBean
2020-03-14 04:05:09,452 [main] DEBUG springfox.documentation.spring.web.scanners.ApiModelReader - Adding a new model with key Pais
2020-03-14 04:05:09,468 [main] DEBUG springfox.documentation.spring.web.readers.operation.OperationResponseClassReader - Setting spring response class to: PaisResponseBean
2020-03-14 04:05:09,480 [main] DEBUG springfox.documentation.swagger.readers.operation.SwaggerOperationResponseClassReader - Setting response class to:PaisResponseBean
2020-03-14 04:05:09,481 [main] DEBUG springfox.documentation.swagger.readers.operation.OperationAuthReader - Authorization count 0 for method consultaPaises
2020-03-14 04:05:09,516 [main] DEBUG springfox.documentation.spring.web.readers.operation.OperationModelsProvider - Adding return parameter of type Lpe/gob/minsa/covid/bean/ResponseValidaPaciente;
2020-03-14 04:05:09,518 [main] DEBUG springfox.documentation.spring.web.readers.operation.OperationModelsProvider - Reading parameters models for handlerMethod |validaPaciente|
2020-03-14 04:05:09,530 [main] DEBUG springfox.documentation.spring.web.readers.operation.OperationModelsProvider - Finished reading parameters models for handlerMethod |validaPaciente|
2020-03-14 04:05:09,530 [main] DEBUG springfox.documentation.swagger.readers.operation.SwaggerOperationModelsProvider - Reading parameters models for handlerMethod |validaPaciente|
2020-03-14 04:05:09,535 [main] DEBUG springfox.documentation.spring.web.scanners.ApiModelReader - Generated parameter model id: ResponseValidaPaciente, name: ResponseValidaPaciente, schema: {} models
2020-03-14 04:05:09,535 [main] DEBUG springfox.documentation.spring.web.scanners.ApiModelReader - Adding a new model with key ResponseValidaPaciente
2020-03-14 04:05:09,541 [main] DEBUG springfox.documentation.spring.web.scanners.ApiModelReader - Adding a new model with key ResponseValidaMpiBean
2020-03-14 04:05:09,560 [main] DEBUG springfox.documentation.spring.web.readers.operation.OperationResponseClassReader - Setting spring response class to: ResponseValidaPaciente
2020-03-14 04:05:09,562 [main] DEBUG springfox.documentation.swagger.readers.operation.SwaggerOperationResponseClassReader - Setting response class to:ResponseValidaPaciente
2020-03-14 04:05:09,562 [main] DEBUG springfox.documentation.swagger.readers.operation.OperationAuthReader - Authorization count 0 for method validaPaciente
2020-03-14 04:05:09,795 [main] INFO  pe.gob.minsa.covid.McsSeguimientoCovidApplication - Started McsSeguimientoCovidApplication in 8.071 seconds (JVM running for 10.956)
2020-03-14 04:05:27,271 [http-nio-8080-exec-1] DEBUG springfox.documentation.spring.web.PropertySourcedRequestMappingHandlerMapping - looking up handler for path: /swagger-ui.html
2020-03-14 04:05:27,371 [http-nio-8080-exec-2] DEBUG springfox.documentation.spring.web.PropertySourcedRequestMappingHandlerMapping - looking up handler for path: /webjars/springfox-swagger-ui/springfox.css
2020-03-14 04:05:27,377 [http-nio-8080-exec-3] DEBUG springfox.documentation.spring.web.PropertySourcedRequestMappingHandlerMapping - looking up handler for path: /webjars/springfox-swagger-ui/swagger-ui.css
2020-03-14 04:05:27,380 [http-nio-8080-exec-6] DEBUG springfox.documentation.spring.web.PropertySourcedRequestMappingHandlerMapping - looking up handler for path: /webjars/springfox-swagger-ui/springfox.js
2020-03-14 04:05:27,384 [http-nio-8080-exec-5] DEBUG springfox.documentation.spring.web.PropertySourcedRequestMappingHandlerMapping - looking up handler for path: /webjars/springfox-swagger-ui/swagger-ui-standalone-preset.js
2020-03-14 04:05:27,388 [http-nio-8080-exec-4] DEBUG springfox.documentation.spring.web.PropertySourcedRequestMappingHandlerMapping - looking up handler for path: /webjars/springfox-swagger-ui/swagger-ui-bundle.js
2020-03-14 04:05:27,810 [http-nio-8080-exec-7] DEBUG springfox.documentation.spring.web.PropertySourcedRequestMappingHandlerMapping - looking up handler for path: /webjars/springfox-swagger-ui/favicon-16x16.png
2020-03-14 04:05:27,818 [http-nio-8080-exec-8] DEBUG springfox.documentation.spring.web.PropertySourcedRequestMappingHandlerMapping - looking up handler for path: /swagger-resources/configuration/ui
2020-03-14 04:05:27,973 [http-nio-8080-exec-9] DEBUG springfox.documentation.spring.web.PropertySourcedRequestMappingHandlerMapping - looking up handler for path: /swagger-resources/configuration/security
2020-03-14 04:05:27,990 [http-nio-8080-exec-10] DEBUG springfox.documentation.spring.web.PropertySourcedRequestMappingHandlerMapping - looking up handler for path: /swagger-resources
2020-03-14 04:05:28,069 [http-nio-8080-exec-1] DEBUG springfox.documentation.spring.web.PropertySourcedRequestMappingHandlerMapping - looking up handler for path: /v2/api-docs
2020-03-14 04:05:28,069 [http-nio-8080-exec-1] DEBUG springfox.documentation.spring.web.PropertySourcedRequestMappingHandlerMapping - Mapped to springfox.documentation.swagger2.web.Swagger2Controller#getDocumentation(String, HttpServletRequest)
2020-03-14 04:05:28,071 [http-nio-8080-exec-2] DEBUG springfox.documentation.spring.web.PropertySourcedRequestMappingHandlerMapping - looking up handler for path: /
2020-03-14 04:05:28,081 [http-nio-8080-exec-3] DEBUG springfox.documentation.spring.web.PropertySourcedRequestMappingHandlerMapping - looking up handler for path: /webjars/springfox-swagger-ui/fonts/titillium-web-v6-latin-700.woff2
2020-03-14 04:05:28,085 [http-nio-8080-exec-6] DEBUG springfox.documentation.spring.web.PropertySourcedRequestMappingHandlerMapping - looking up handler for path: /webjars/springfox-swagger-ui/fonts/open-sans-v15-latin-regular.woff2
2020-03-14 04:05:28,123 [http-nio-8080-exec-2] DEBUG springfox.documentation.spring.web.PropertySourcedRequestMappingHandlerMapping - looking up handler for path: /index.html
2020-03-14 04:05:28,135 [http-nio-8080-exec-5] DEBUG springfox.documentation.spring.web.PropertySourcedRequestMappingHandlerMapping - looking up handler for path: /csrf
2020-03-14 04:05:28,415 [http-nio-8080-exec-5] DEBUG springfox.documentation.spring.web.PropertySourcedRequestMappingHandlerMapping - looking up handler for path: /error
2020-03-14 04:05:28,518 [http-nio-8080-exec-4] DEBUG springfox.documentation.spring.web.PropertySourcedRequestMappingHandlerMapping - looking up handler for path: /favicon.ico
2020-03-14 04:05:28,608 [http-nio-8080-exec-7] DEBUG springfox.documentation.spring.web.PropertySourcedRequestMappingHandlerMapping - looking up handler for path: /webjars/springfox-swagger-ui/fonts/open-sans-v15-latin-700.woff2
2020-03-14 04:05:28,614 [http-nio-8080-exec-8] DEBUG springfox.documentation.spring.web.PropertySourcedRequestMappingHandlerMapping - looking up handler for path: /webjars/springfox-swagger-ui/fonts/source-code-pro-v7-latin-300.woff2
2020-03-14 04:05:29,605 [http-nio-8080-exec-9] DEBUG springfox.documentation.spring.web.PropertySourcedRequestMappingHandlerMapping - looking up handler for path: /webjars/springfox-swagger-ui/fonts/source-code-pro-v7-latin-600.woff2
2020-03-14 04:05:31,235 [http-nio-8080-exec-10] DEBUG springfox.documentation.spring.web.PropertySourcedRequestMappingHandlerMapping - looking up handler for path: /webjars/springfox-swagger-ui/fonts/titillium-web-v6-latin-regular.woff2
2020-03-14 04:05:34,576 [http-nio-8080-exec-6] DEBUG springfox.documentation.spring.web.PropertySourcedRequestMappingHandlerMapping - looking up handler for path: /seguimiento/v0.0.1/listar-paises
2020-03-14 04:05:34,966 [http-nio-8080-exec-3] DEBUG springfox.documentation.spring.web.PropertySourcedRequestMappingHandlerMapping - looking up handler for path: /webjars/springfox-swagger-ui/fonts/titillium-web-v6-latin-600.woff2
2020-03-14 04:05:52,054 [http-nio-8080-exec-2] DEBUG springfox.documentation.spring.web.PropertySourcedRequestMappingHandlerMapping - looking up handler for path: /seguimiento/v0.0.1/valida-persona/1/46696801/pinchi
